{
  "RSpec": {
    "coverage": {
      "/home/TechnicallyAustin/tic-tac-toe-rb-online-web-sp-000/lib/tic_tac_toe.rb": [
        null,
        1,
        16,
        16,
        16,
        16,
        16,
        null,
        null,
        1,
        9333,
        null,
        null,
        1,
        17,
        null,
        null,
        1,
        9333,
        null,
        null,
        1,
        16,
        16,
        144,
        13,
        null,
        null,
        16,
        null,
        null,
        1,
        15,
        null,
        null,
        1,
        9331,
        9330,
        9330,
        9330,
        14,
        14,
        null,
        9316,
        null,
        null,
        null,
        1,
        6,
        13,
        null,
        5,
        1,
        1,
        4,
        4,
        null,
        null,
        null,
        null,
        null,
        1,
        9377,
        null,
        null,
        null,
        null,
        1,
        null,
        null,
        null,
        null,
        null,
        null,
        null,
        null,
        null,
        null,
        1,
        18,
        134,
        null,
        null,
        null,
        null,
        null,
        1,
        93,
        null,
        null,
        1,
        9,
        null,
        null,
        1,
        10,
        null,
        null,
        1,
        3,
        2,
        null,
        null
      ]
    },
    "timestamp": 1614729032
  }
}
