{
  "RSpec": {
    "coverage": {
      "/home/TechnicallyAustin/tic-tac-toe-rb-online-web-sp-000/lib/tic_tac_toe.rb": [
        null,
        1,
        null,
        1,
        5,
        5,
        5,
        5,
        5,
        null,
        null,
        1,
        13,
        null,
        null,
        1,
        3,
        null,
        null,
        1,
        14,
        null,
        null,
        1,
        2,
        2,
        18,
        5,
        null,
        null,
        2,
        null,
        null,
        1,
        1,
        null,
        null,
        1,
        10,
        10,
        10,
        10,
        9,
        0,
        0,
        1,
        1,
        null,
        null,
        null,
        1,
        12,
        7,
        0,
        null,
        null,
        5,
        3,
        2,
        2,
        null,
        null,
        null,
        null,
        1,
        48,
        null,
        null,
        null,
        null,
        1,
        null,
        null,
        null,
        null,
        null,
        null,
        null,
        null,
        null,
        null,
        1,
        24,
        144,
        null,
        null,
        null,
        null,
        null,
        1,
        105,
        null,
        null,
        1,
        7,
        null,
        null,
        1,
        11,
        null,
        null,
        1,
        3,
        2,
        null,
        null
      ]
    },
    "timestamp": 1614733236
  }
}
